Determining if the pthread_create exist failed with the following output:
Change Dir: /home/cs4750/catkin_ws/build/p4/CMakeFiles/CMakeTmp

Run Build Command:"/usr/bin/make" "cmTC_0ccf3/fast"
/usr/bin/make -f CMakeFiles/cmTC_0ccf3.dir/build.make CMakeFiles/cmTC_0ccf3.dir/build
make[1]: Entering directory '/home/cs4750/catkin_ws/build/p4/CMakeFiles/CMakeTmp'
Building C object CMakeFiles/cmTC_0ccf3.dir/CheckSymbolExists.c.o
/usr/bin/cc    -o CMakeFiles/cmTC_0ccf3.dir/CheckSymbolExists.c.o   -c /home/cs4750/catkin_ws/build/p4/CMakeFiles/CMakeTmp/CheckSymbolExists.c
Linking C executable cmTC_0ccf3
/usr/bin/cmake -E cmake_link_script CMakeFiles/cmTC_0ccf3.dir/link.txt --verbose=1
/usr/bin/cc      -rdynamic CMakeFiles/cmTC_0ccf3.dir/CheckSymbolExists.c.o  -o cmTC_0ccf3 
CMakeFiles/cmTC_0ccf3.dir/CheckSymbolExists.c.o: In function `main':
CheckSymbolExists.c:(.text+0x1b): undefined reference to `pthread_create'
collect2: error: ld returned 1 exit status
CMakeFiles/cmTC_0ccf3.dir/build.make:97: recipe for target 'cmTC_0ccf3' failed
make[1]: *** [cmTC_0ccf3] Error 1
make[1]: Leaving directory '/home/cs4750/catkin_ws/build/p4/CMakeFiles/CMakeTmp'
Makefile:126: recipe for target 'cmTC_0ccf3/fast' failed
make: *** [cmTC_0ccf3/fast] Error 2

File /home/cs4750/catkin_ws/build/p4/CMakeFiles/CMakeTmp/CheckSymbolExists.c:
/* */
#include <pthread.h>

int main(int argc, char** argv)
{
  (void)argv;
#ifndef pthread_create
  return ((int*)(&pthread_create))[argc];
#else
  (void)argc;
  return 0;
#endif
}

Determining if the function pthread_create exists in the pthreads failed with the following output:
Change Dir: /home/cs4750/catkin_ws/build/p4/CMakeFiles/CMakeTmp

Run Build Command:"/usr/bin/make" "cmTC_01804/fast"
/usr/bin/make -f CMakeFiles/cmTC_01804.dir/build.make CMakeFiles/cmTC_01804.dir/build
make[1]: Entering directory '/home/cs4750/catkin_ws/build/p4/CMakeFiles/CMakeTmp'
Building C object CMakeFiles/cmTC_01804.dir/CheckFunctionExists.c.o
/usr/bin/cc   -DCHECK_FUNCTION_EXISTS=pthread_create   -o CMakeFiles/cmTC_01804.dir/CheckFunctionExists.c.o   -c /usr/share/cmake-3.10/Modules/CheckFunctionExists.c
Linking C executable cmTC_01804
/usr/bin/cmake -E cmake_link_script CMakeFiles/cmTC_01804.dir/link.txt --verbose=1
/usr/bin/cc  -DCHECK_FUNCTION_EXISTS=pthread_create    -rdynamic CMakeFiles/cmTC_01804.dir/CheckFunctionExists.c.o  -o cmTC_01804 -lpthreads 
/usr/bin/x86_64-linux-gnu-ld: cannot find -lpthreads
collect2: error: ld returned 1 exit status
CMakeFiles/cmTC_01804.dir/build.make:97: recipe for target 'cmTC_01804' failed
make[1]: *** [cmTC_01804] Error 1
make[1]: Leaving directory '/home/cs4750/catkin_ws/build/p4/CMakeFiles/CMakeTmp'
Makefile:126: recipe for target 'cmTC_01804/fast' failed
make: *** [cmTC_01804/fast] Error 2


