[  0%] Built target std_msgs_generate_messages_lisp
[  0%] Built target _p1_generate_messages_check_deps_Draw
[  0%] Built target geometry_msgs_generate_messages_lisp
[  0%] Built target turtlesim_generate_messages_lisp
[  0%] Built target geometry_msgs_generate_messages_eus
[  0%] Built target turtlesim_generate_messages_eus
[  0%] Built target std_msgs_generate_messages_eus
[  0%] Built target std_msgs_generate_messages_nodejs
[  0%] Built target turtlesim_generate_messages_nodejs
[  0%] Built target geometry_msgs_generate_messages_nodejs
[  0%] Built target std_msgs_generate_messages_cpp
[  0%] Built target turtlesim_generate_messages_cpp
[  0%] Built target geometry_msgs_generate_messages_cpp
[  0%] Built target std_msgs_generate_messages_py
[  0%] Built target geometry_msgs_generate_messages_py
[  0%] Built target turtlesim_generate_messages_py
[ 14%] Built target p1_generate_messages_lisp
[ 42%] Built target p1_generate_messages_eus
[ 57%] Built target p1_generate_messages_nodejs
[ 71%] Built target p1_generate_messages_cpp
[100%] Built target p1_generate_messages_py
[100%] Built target p1_generate_messages
