Determining if the pthread_create exist failed with the following output:
Change Dir: /home/cs4750/catkin_ws/build/turtle/CMakeFiles/CMakeTmp

Run Build Command:"/usr/bin/make" "cmTC_724ae/fast"
/usr/bin/make -f CMakeFiles/cmTC_724ae.dir/build.make CMakeFiles/cmTC_724ae.dir/build
make[1]: Entering directory '/home/cs4750/catkin_ws/build/turtle/CMakeFiles/CMakeTmp'
Building C object CMakeFiles/cmTC_724ae.dir/CheckSymbolExists.c.o
/usr/bin/cc    -o CMakeFiles/cmTC_724ae.dir/CheckSymbolExists.c.o   -c /home/cs4750/catkin_ws/build/turtle/CMakeFiles/CMakeTmp/CheckSymbolExists.c
Linking C executable cmTC_724ae
/usr/bin/cmake -E cmake_link_script CMakeFiles/cmTC_724ae.dir/link.txt --verbose=1
/usr/bin/cc      -rdynamic CMakeFiles/cmTC_724ae.dir/CheckSymbolExists.c.o  -o cmTC_724ae 
CMakeFiles/cmTC_724ae.dir/CheckSymbolExists.c.o: In function `main':
CheckSymbolExists.c:(.text+0x1b): undefined reference to `pthread_create'
collect2: error: ld returned 1 exit status
CMakeFiles/cmTC_724ae.dir/build.make:97: recipe for target 'cmTC_724ae' failed
make[1]: *** [cmTC_724ae] Error 1
make[1]: Leaving directory '/home/cs4750/catkin_ws/build/turtle/CMakeFiles/CMakeTmp'
Makefile:126: recipe for target 'cmTC_724ae/fast' failed
make: *** [cmTC_724ae/fast] Error 2

File /home/cs4750/catkin_ws/build/turtle/CMakeFiles/CMakeTmp/CheckSymbolExists.c:
/* */
#include <pthread.h>

int main(int argc, char** argv)
{
  (void)argv;
#ifndef pthread_create
  return ((int*)(&pthread_create))[argc];
#else
  (void)argc;
  return 0;
#endif
}

Determining if the function pthread_create exists in the pthreads failed with the following output:
Change Dir: /home/cs4750/catkin_ws/build/turtle/CMakeFiles/CMakeTmp

Run Build Command:"/usr/bin/make" "cmTC_fe61e/fast"
/usr/bin/make -f CMakeFiles/cmTC_fe61e.dir/build.make CMakeFiles/cmTC_fe61e.dir/build
make[1]: Entering directory '/home/cs4750/catkin_ws/build/turtle/CMakeFiles/CMakeTmp'
Building C object CMakeFiles/cmTC_fe61e.dir/CheckFunctionExists.c.o
/usr/bin/cc   -DCHECK_FUNCTION_EXISTS=pthread_create   -o CMakeFiles/cmTC_fe61e.dir/CheckFunctionExists.c.o   -c /usr/share/cmake-3.10/Modules/CheckFunctionExists.c
Linking C executable cmTC_fe61e
/usr/bin/cmake -E cmake_link_script CMakeFiles/cmTC_fe61e.dir/link.txt --verbose=1
/usr/bin/cc  -DCHECK_FUNCTION_EXISTS=pthread_create    -rdynamic CMakeFiles/cmTC_fe61e.dir/CheckFunctionExists.c.o  -o cmTC_fe61e -lpthreads 
/usr/bin/x86_64-linux-gnu-ld: cannot find -lpthreads
collect2: error: ld returned 1 exit status
CMakeFiles/cmTC_fe61e.dir/build.make:97: recipe for target 'cmTC_fe61e' failed
make[1]: *** [cmTC_fe61e] Error 1
make[1]: Leaving directory '/home/cs4750/catkin_ws/build/turtle/CMakeFiles/CMakeTmp'
Makefile:126: recipe for target 'cmTC_fe61e/fast' failed
make: *** [cmTC_fe61e/fast] Error 2


