Linked: (/home/cs4750/catkin_ws/devel/.private/p2/include/p2/Differential.h, /home/cs4750/catkin_ws/devel/include/p2/Differential.h)
Linked: (/home/cs4750/catkin_ws/devel/.private/p2/include/p2/Ackermann.h, /home/cs4750/catkin_ws/devel/include/p2/Ackermann.h)
Linked: (/home/cs4750/catkin_ws/devel/.private/p2/share/common-lisp/ros/p2/msg/_package.lisp, /home/cs4750/catkin_ws/devel/share/common-lisp/ros/p2/msg/_package.lisp)
Linked: (/home/cs4750/catkin_ws/devel/.private/p2/share/common-lisp/ros/p2/msg/Differential.lisp, /home/cs4750/catkin_ws/devel/share/common-lisp/ros/p2/msg/Differential.lisp)
Linked: (/home/cs4750/catkin_ws/devel/.private/p2/share/common-lisp/ros/p2/msg/Ackermann.lisp, /home/cs4750/catkin_ws/devel/share/common-lisp/ros/p2/msg/Ackermann.lisp)
Linked: (/home/cs4750/catkin_ws/devel/.private/p2/share/common-lisp/ros/p2/msg/_package_Ackermann.lisp, /home/cs4750/catkin_ws/devel/share/common-lisp/ros/p2/msg/_package_Ackermann.lisp)
Linked: (/home/cs4750/catkin_ws/devel/.private/p2/share/common-lisp/ros/p2/msg/_package_Differential.lisp, /home/cs4750/catkin_ws/devel/share/common-lisp/ros/p2/msg/_package_Differential.lisp)
Linked: (/home/cs4750/catkin_ws/devel/.private/p2/share/common-lisp/ros/p2/msg/p2-msg.asd, /home/cs4750/catkin_ws/devel/share/common-lisp/ros/p2/msg/p2-msg.asd)
Linked: (/home/cs4750/catkin_ws/devel/.private/p2/share/roseus/ros/p2/manifest.l, /home/cs4750/catkin_ws/devel/share/roseus/ros/p2/manifest.l)
Linked: (/home/cs4750/catkin_ws/devel/.private/p2/share/roseus/ros/p2/msg/Ackermann.l, /home/cs4750/catkin_ws/devel/share/roseus/ros/p2/msg/Ackermann.l)
Linked: (/home/cs4750/catkin_ws/devel/.private/p2/share/roseus/ros/p2/msg/Differential.l, /home/cs4750/catkin_ws/devel/share/roseus/ros/p2/msg/Differential.l)
Linked: (/home/cs4750/catkin_ws/devel/.private/p2/share/gennodejs/ros/p2/_index.js, /home/cs4750/catkin_ws/devel/share/gennodejs/ros/p2/_index.js)
Linked: (/home/cs4750/catkin_ws/devel/.private/p2/share/gennodejs/ros/p2/msg/Differential.js, /home/cs4750/catkin_ws/devel/share/gennodejs/ros/p2/msg/Differential.js)
Linked: (/home/cs4750/catkin_ws/devel/.private/p2/share/gennodejs/ros/p2/msg/_index.js, /home/cs4750/catkin_ws/devel/share/gennodejs/ros/p2/msg/_index.js)
Linked: (/home/cs4750/catkin_ws/devel/.private/p2/share/gennodejs/ros/p2/msg/Ackermann.js, /home/cs4750/catkin_ws/devel/share/gennodejs/ros/p2/msg/Ackermann.js)
Linked: (/home/cs4750/catkin_ws/devel/.private/p2/share/p2/cmake/p2Config-version.cmake, /home/cs4750/catkin_ws/devel/share/p2/cmake/p2Config-version.cmake)
Linked: (/home/cs4750/catkin_ws/devel/.private/p2/share/p2/cmake/p2Config.cmake, /home/cs4750/catkin_ws/devel/share/p2/cmake/p2Config.cmake)
Linked: (/home/cs4750/catkin_ws/devel/.private/p2/share/p2/cmake/p2-msg-extras.cmake, /home/cs4750/catkin_ws/devel/share/p2/cmake/p2-msg-extras.cmake)
Linked: (/home/cs4750/catkin_ws/devel/.private/p2/share/p2/cmake/p2-msg-paths.cmake, /home/cs4750/catkin_ws/devel/share/p2/cmake/p2-msg-paths.cmake)
Linked: (/home/cs4750/catkin_ws/devel/.private/p2/lib/python2.7/dist-packages/p2/__init__.py, /home/cs4750/catkin_ws/devel/lib/python2.7/dist-packages/p2/__init__.py)
Linked: (/home/cs4750/catkin_ws/devel/.private/p2/lib/python2.7/dist-packages/p2/msg/_Differential.py, /home/cs4750/catkin_ws/devel/lib/python2.7/dist-packages/p2/msg/_Differential.py)
Linked: (/home/cs4750/catkin_ws/devel/.private/p2/lib/python2.7/dist-packages/p2/msg/__init__.py, /home/cs4750/catkin_ws/devel/lib/python2.7/dist-packages/p2/msg/__init__.py)
Linked: (/home/cs4750/catkin_ws/devel/.private/p2/lib/python2.7/dist-packages/p2/msg/_Ackermann.py, /home/cs4750/catkin_ws/devel/lib/python2.7/dist-packages/p2/msg/_Ackermann.py)
Linked: (/home/cs4750/catkin_ws/devel/.private/p2/lib/pkgconfig/p2.pc, /home/cs4750/catkin_ws/devel/lib/pkgconfig/p2.pc)
