[  0%] Built target _p5_generate_messages_check_deps_FollowPath
[  0%] Built target geometry_msgs_generate_messages_cpp
[  0%] Built target _p5_generate_messages_check_deps_DetectMetal
[  0%] Built target std_msgs_generate_messages_cpp
[  0%] Built target _p5_generate_messages_check_deps_State
[  0%] Built target _p5_generate_messages_check_deps_Action
[  0%] Built target _p5_generate_messages_check_deps_ClosestPointPath
[  0%] Built target _p5_generate_messages_check_deps_SenseBall
[  0%] Built target _p5_generate_messages_check_deps_ChooseAction
[  0%] Built target _p5_generate_messages_check_deps_ComputeEntropy
[  0%] Built target _p5_generate_messages_check_deps_SetPosition
[  0%] Built target _p5_generate_messages_check_deps_GetPosition
[  0%] Built target _p5_generate_messages_check_deps_ModelSenseAction
[  0%] Built target _p5_generate_messages_check_deps_GetTransitions
[  0%] Built target _p5_generate_messages_check_deps_InterpolatePath
[  0%] Built target _p5_generate_messages_check_deps_ActionOption
[  0%] Built target _p5_generate_messages_check_deps_ActionEffect
[  0%] Built target _p5_generate_messages_check_deps_CommandRobot
[  0%] Built target geometry_msgs_generate_messages_py
[  0%] Built target _p5_generate_messages_check_deps_LocateBall
[  0%] Built target std_msgs_generate_messages_py
[  0%] Built target std_msgs_generate_messages_nodejs
[  0%] Built target geometry_msgs_generate_messages_nodejs
[  0%] Built target std_msgs_generate_messages_lisp
[  0%] Built target geometry_msgs_generate_messages_lisp
[  0%] Built target geometry_msgs_generate_messages_eus
[  0%] Built target std_msgs_generate_messages_eus
[ 21%] Built target p5_generate_messages_py
[ 40%] Built target p5_generate_messages_cpp
[ 60%] Built target p5_generate_messages_nodejs
[ 79%] Built target p5_generate_messages_lisp
[100%] Built target p5_generate_messages_eus
[100%] Built target p5_generate_messages
