Linked: (/home/cs4750/catkin_ws/devel/.private/p4/include/p4/ComputeCostResponse.h, /home/cs4750/catkin_ws/devel/include/p4/ComputeCostResponse.h)
Linked: (/home/cs4750/catkin_ws/devel/.private/p4/include/p4/ClosestPointPath.h, /home/cs4750/catkin_ws/devel/include/p4/ClosestPointPath.h)
Linked: (/home/cs4750/catkin_ws/devel/.private/p4/include/p4/FollowPathResponse.h, /home/cs4750/catkin_ws/devel/include/p4/FollowPathResponse.h)
Linked: (/home/cs4750/catkin_ws/devel/.private/p4/include/p4/InterpolatePathResponse.h, /home/cs4750/catkin_ws/devel/include/p4/InterpolatePathResponse.h)
Linked: (/home/cs4750/catkin_ws/devel/.private/p4/include/p4/GetPositionResponse.h, /home/cs4750/catkin_ws/devel/include/p4/GetPositionResponse.h)
Linked: (/home/cs4750/catkin_ws/devel/.private/p4/include/p4/JointAngles.h, /home/cs4750/catkin_ws/devel/include/p4/JointAngles.h)
Linked: (/home/cs4750/catkin_ws/devel/.private/p4/include/p4/InterpolatePath.h, /home/cs4750/catkin_ws/devel/include/p4/InterpolatePath.h)
Linked: (/home/cs4750/catkin_ws/devel/.private/p4/include/p4/ReachPosRequest.h, /home/cs4750/catkin_ws/devel/include/p4/ReachPosRequest.h)
Linked: (/home/cs4750/catkin_ws/devel/.private/p4/include/p4/PositionBucket.h, /home/cs4750/catkin_ws/devel/include/p4/PositionBucket.h)
Linked: (/home/cs4750/catkin_ws/devel/.private/p4/include/p4/SetPositionResponse.h, /home/cs4750/catkin_ws/devel/include/p4/SetPositionResponse.h)
Linked: (/home/cs4750/catkin_ws/devel/.private/p4/include/p4/PositionBucketResponse.h, /home/cs4750/catkin_ws/devel/include/p4/PositionBucketResponse.h)
Linked: (/home/cs4750/catkin_ws/devel/.private/p4/include/p4/ClosestPointPathResponse.h, /home/cs4750/catkin_ws/devel/include/p4/ClosestPointPathResponse.h)
Linked: (/home/cs4750/catkin_ws/devel/.private/p4/include/p4/PointArray.h, /home/cs4750/catkin_ws/devel/include/p4/PointArray.h)
Linked: (/home/cs4750/catkin_ws/devel/.private/p4/include/p4/FindPathRequest.h, /home/cs4750/catkin_ws/devel/include/p4/FindPathRequest.h)
Linked: (/home/cs4750/catkin_ws/devel/.private/p4/include/p4/ComputeCost.h, /home/cs4750/catkin_ws/devel/include/p4/ComputeCost.h)
Linked: (/home/cs4750/catkin_ws/devel/.private/p4/include/p4/ReachPosResponse.h, /home/cs4750/catkin_ws/devel/include/p4/ReachPosResponse.h)
Linked: (/home/cs4750/catkin_ws/devel/.private/p4/include/p4/ClosestPointPathRequest.h, /home/cs4750/catkin_ws/devel/include/p4/ClosestPointPathRequest.h)
Linked: (/home/cs4750/catkin_ws/devel/.private/p4/include/p4/FindPathResponse.h, /home/cs4750/catkin_ws/devel/include/p4/FindPathResponse.h)
Linked: (/home/cs4750/catkin_ws/devel/.private/p4/include/p4/FollowPathRequest.h, /home/cs4750/catkin_ws/devel/include/p4/FollowPathRequest.h)
Linked: (/home/cs4750/catkin_ws/devel/.private/p4/include/p4/GetPositionRequest.h, /home/cs4750/catkin_ws/devel/include/p4/GetPositionRequest.h)
Linked: (/home/cs4750/catkin_ws/devel/.private/p4/include/p4/FollowPath.h, /home/cs4750/catkin_ws/devel/include/p4/FollowPath.h)
Linked: (/home/cs4750/catkin_ws/devel/.private/p4/include/p4/ReachPos.h, /home/cs4750/catkin_ws/devel/include/p4/ReachPos.h)
Linked: (/home/cs4750/catkin_ws/devel/.private/p4/include/p4/PositionBucketRequest.h, /home/cs4750/catkin_ws/devel/include/p4/PositionBucketRequest.h)
Linked: (/home/cs4750/catkin_ws/devel/.private/p4/include/p4/SetPosition.h, /home/cs4750/catkin_ws/devel/include/p4/SetPosition.h)
Linked: (/home/cs4750/catkin_ws/devel/.private/p4/include/p4/ComputeCostRequest.h, /home/cs4750/catkin_ws/devel/include/p4/ComputeCostRequest.h)
Linked: (/home/cs4750/catkin_ws/devel/.private/p4/include/p4/GetPosition.h, /home/cs4750/catkin_ws/devel/include/p4/GetPosition.h)
Linked: (/home/cs4750/catkin_ws/devel/.private/p4/include/p4/InterpolatePathRequest.h, /home/cs4750/catkin_ws/devel/include/p4/InterpolatePathRequest.h)
Linked: (/home/cs4750/catkin_ws/devel/.private/p4/include/p4/FindPath.h, /home/cs4750/catkin_ws/devel/include/p4/FindPath.h)
Linked: (/home/cs4750/catkin_ws/devel/.private/p4/include/p4/SetPositionRequest.h, /home/cs4750/catkin_ws/devel/include/p4/SetPositionRequest.h)
Linked: (/home/cs4750/catkin_ws/devel/.private/p4/share/common-lisp/ros/p4/srv/ClosestPointPath.lisp, /home/cs4750/catkin_ws/devel/share/common-lisp/ros/p4/srv/ClosestPointPath.lisp)
Linked: (/home/cs4750/catkin_ws/devel/.private/p4/share/common-lisp/ros/p4/srv/_package.lisp, /home/cs4750/catkin_ws/devel/share/common-lisp/ros/p4/srv/_package.lisp)
Linked: (/home/cs4750/catkin_ws/devel/.private/p4/share/common-lisp/ros/p4/srv/_package_PositionBucket.lisp, /home/cs4750/catkin_ws/devel/share/common-lisp/ros/p4/srv/_package_PositionBucket.lisp)
Linked: (/home/cs4750/catkin_ws/devel/.private/p4/share/common-lisp/ros/p4/srv/ComputeCost.lisp, /home/cs4750/catkin_ws/devel/share/common-lisp/ros/p4/srv/ComputeCost.lisp)
Linked: (/home/cs4750/catkin_ws/devel/.private/p4/share/common-lisp/ros/p4/srv/InterpolatePath.lisp, /home/cs4750/catkin_ws/devel/share/common-lisp/ros/p4/srv/InterpolatePath.lisp)
Linked: (/home/cs4750/catkin_ws/devel/.private/p4/share/common-lisp/ros/p4/srv/GetPosition.lisp, /home/cs4750/catkin_ws/devel/share/common-lisp/ros/p4/srv/GetPosition.lisp)
Linked: (/home/cs4750/catkin_ws/devel/.private/p4/share/common-lisp/ros/p4/srv/_package_InterpolatePath.lisp, /home/cs4750/catkin_ws/devel/share/common-lisp/ros/p4/srv/_package_InterpolatePath.lisp)
Linked: (/home/cs4750/catkin_ws/devel/.private/p4/share/common-lisp/ros/p4/srv/p4-srv.asd, /home/cs4750/catkin_ws/devel/share/common-lisp/ros/p4/srv/p4-srv.asd)
Linked: (/home/cs4750/catkin_ws/devel/.private/p4/share/common-lisp/ros/p4/srv/_package_GetPosition.lisp, /home/cs4750/catkin_ws/devel/share/common-lisp/ros/p4/srv/_package_GetPosition.lisp)
Linked: (/home/cs4750/catkin_ws/devel/.private/p4/share/common-lisp/ros/p4/srv/FindPath.lisp, /home/cs4750/catkin_ws/devel/share/common-lisp/ros/p4/srv/FindPath.lisp)
Linked: (/home/cs4750/catkin_ws/devel/.private/p4/share/common-lisp/ros/p4/srv/PositionBucket.lisp, /home/cs4750/catkin_ws/devel/share/common-lisp/ros/p4/srv/PositionBucket.lisp)
Linked: (/home/cs4750/catkin_ws/devel/.private/p4/share/common-lisp/ros/p4/srv/SetPosition.lisp, /home/cs4750/catkin_ws/devel/share/common-lisp/ros/p4/srv/SetPosition.lisp)
Linked: (/home/cs4750/catkin_ws/devel/.private/p4/share/common-lisp/ros/p4/srv/_package_SetPosition.lisp, /home/cs4750/catkin_ws/devel/share/common-lisp/ros/p4/srv/_package_SetPosition.lisp)
Linked: (/home/cs4750/catkin_ws/devel/.private/p4/share/common-lisp/ros/p4/srv/_package_ComputeCost.lisp, /home/cs4750/catkin_ws/devel/share/common-lisp/ros/p4/srv/_package_ComputeCost.lisp)
Linked: (/home/cs4750/catkin_ws/devel/.private/p4/share/common-lisp/ros/p4/srv/ReachPos.lisp, /home/cs4750/catkin_ws/devel/share/common-lisp/ros/p4/srv/ReachPos.lisp)
Linked: (/home/cs4750/catkin_ws/devel/.private/p4/share/common-lisp/ros/p4/srv/_package_FollowPath.lisp, /home/cs4750/catkin_ws/devel/share/common-lisp/ros/p4/srv/_package_FollowPath.lisp)
Linked: (/home/cs4750/catkin_ws/devel/.private/p4/share/common-lisp/ros/p4/srv/_package_ReachPos.lisp, /home/cs4750/catkin_ws/devel/share/common-lisp/ros/p4/srv/_package_ReachPos.lisp)
Linked: (/home/cs4750/catkin_ws/devel/.private/p4/share/common-lisp/ros/p4/srv/_package_ClosestPointPath.lisp, /home/cs4750/catkin_ws/devel/share/common-lisp/ros/p4/srv/_package_ClosestPointPath.lisp)
Linked: (/home/cs4750/catkin_ws/devel/.private/p4/share/common-lisp/ros/p4/srv/_package_FindPath.lisp, /home/cs4750/catkin_ws/devel/share/common-lisp/ros/p4/srv/_package_FindPath.lisp)
Linked: (/home/cs4750/catkin_ws/devel/.private/p4/share/common-lisp/ros/p4/srv/FollowPath.lisp, /home/cs4750/catkin_ws/devel/share/common-lisp/ros/p4/srv/FollowPath.lisp)
Linked: (/home/cs4750/catkin_ws/devel/.private/p4/share/common-lisp/ros/p4/msg/_package.lisp, /home/cs4750/catkin_ws/devel/share/common-lisp/ros/p4/msg/_package.lisp)
Linked: (/home/cs4750/catkin_ws/devel/.private/p4/share/common-lisp/ros/p4/msg/_package_JointAngles.lisp, /home/cs4750/catkin_ws/devel/share/common-lisp/ros/p4/msg/_package_JointAngles.lisp)
Linked: (/home/cs4750/catkin_ws/devel/.private/p4/share/common-lisp/ros/p4/msg/p4-msg.asd, /home/cs4750/catkin_ws/devel/share/common-lisp/ros/p4/msg/p4-msg.asd)
Linked: (/home/cs4750/catkin_ws/devel/.private/p4/share/common-lisp/ros/p4/msg/JointAngles.lisp, /home/cs4750/catkin_ws/devel/share/common-lisp/ros/p4/msg/JointAngles.lisp)
Linked: (/home/cs4750/catkin_ws/devel/.private/p4/share/common-lisp/ros/p4/msg/_package_PointArray.lisp, /home/cs4750/catkin_ws/devel/share/common-lisp/ros/p4/msg/_package_PointArray.lisp)
Linked: (/home/cs4750/catkin_ws/devel/.private/p4/share/common-lisp/ros/p4/msg/PointArray.lisp, /home/cs4750/catkin_ws/devel/share/common-lisp/ros/p4/msg/PointArray.lisp)
Linked: (/home/cs4750/catkin_ws/devel/.private/p4/share/roseus/ros/p4/manifest.l, /home/cs4750/catkin_ws/devel/share/roseus/ros/p4/manifest.l)
Linked: (/home/cs4750/catkin_ws/devel/.private/p4/share/roseus/ros/p4/srv/InterpolatePath.l, /home/cs4750/catkin_ws/devel/share/roseus/ros/p4/srv/InterpolatePath.l)
Linked: (/home/cs4750/catkin_ws/devel/.private/p4/share/roseus/ros/p4/srv/ComputeCost.l, /home/cs4750/catkin_ws/devel/share/roseus/ros/p4/srv/ComputeCost.l)
Linked: (/home/cs4750/catkin_ws/devel/.private/p4/share/roseus/ros/p4/srv/GetPosition.l, /home/cs4750/catkin_ws/devel/share/roseus/ros/p4/srv/GetPosition.l)
Linked: (/home/cs4750/catkin_ws/devel/.private/p4/share/roseus/ros/p4/srv/PositionBucket.l, /home/cs4750/catkin_ws/devel/share/roseus/ros/p4/srv/PositionBucket.l)
Linked: (/home/cs4750/catkin_ws/devel/.private/p4/share/roseus/ros/p4/srv/FollowPath.l, /home/cs4750/catkin_ws/devel/share/roseus/ros/p4/srv/FollowPath.l)
Linked: (/home/cs4750/catkin_ws/devel/.private/p4/share/roseus/ros/p4/srv/ClosestPointPath.l, /home/cs4750/catkin_ws/devel/share/roseus/ros/p4/srv/ClosestPointPath.l)
Linked: (/home/cs4750/catkin_ws/devel/.private/p4/share/roseus/ros/p4/srv/FindPath.l, /home/cs4750/catkin_ws/devel/share/roseus/ros/p4/srv/FindPath.l)
Linked: (/home/cs4750/catkin_ws/devel/.private/p4/share/roseus/ros/p4/srv/SetPosition.l, /home/cs4750/catkin_ws/devel/share/roseus/ros/p4/srv/SetPosition.l)
Linked: (/home/cs4750/catkin_ws/devel/.private/p4/share/roseus/ros/p4/srv/ReachPos.l, /home/cs4750/catkin_ws/devel/share/roseus/ros/p4/srv/ReachPos.l)
Linked: (/home/cs4750/catkin_ws/devel/.private/p4/share/roseus/ros/p4/msg/JointAngles.l, /home/cs4750/catkin_ws/devel/share/roseus/ros/p4/msg/JointAngles.l)
Linked: (/home/cs4750/catkin_ws/devel/.private/p4/share/roseus/ros/p4/msg/PointArray.l, /home/cs4750/catkin_ws/devel/share/roseus/ros/p4/msg/PointArray.l)
Linked: (/home/cs4750/catkin_ws/devel/.private/p4/share/p4/cmake/p4Config-version.cmake, /home/cs4750/catkin_ws/devel/share/p4/cmake/p4Config-version.cmake)
Linked: (/home/cs4750/catkin_ws/devel/.private/p4/share/p4/cmake/p4-msg-extras.cmake, /home/cs4750/catkin_ws/devel/share/p4/cmake/p4-msg-extras.cmake)
Linked: (/home/cs4750/catkin_ws/devel/.private/p4/share/p4/cmake/p4-msg-paths.cmake, /home/cs4750/catkin_ws/devel/share/p4/cmake/p4-msg-paths.cmake)
Linked: (/home/cs4750/catkin_ws/devel/.private/p4/share/p4/cmake/p4Config.cmake, /home/cs4750/catkin_ws/devel/share/p4/cmake/p4Config.cmake)
Linked: (/home/cs4750/catkin_ws/devel/.private/p4/share/gennodejs/ros/p4/_index.js, /home/cs4750/catkin_ws/devel/share/gennodejs/ros/p4/_index.js)
Linked: (/home/cs4750/catkin_ws/devel/.private/p4/share/gennodejs/ros/p4/srv/ClosestPointPath.js, /home/cs4750/catkin_ws/devel/share/gennodejs/ros/p4/srv/ClosestPointPath.js)
Linked: (/home/cs4750/catkin_ws/devel/.private/p4/share/gennodejs/ros/p4/srv/FollowPath.js, /home/cs4750/catkin_ws/devel/share/gennodejs/ros/p4/srv/FollowPath.js)
Linked: (/home/cs4750/catkin_ws/devel/.private/p4/share/gennodejs/ros/p4/srv/SetPosition.js, /home/cs4750/catkin_ws/devel/share/gennodejs/ros/p4/srv/SetPosition.js)
Linked: (/home/cs4750/catkin_ws/devel/.private/p4/share/gennodejs/ros/p4/srv/FindPath.js, /home/cs4750/catkin_ws/devel/share/gennodejs/ros/p4/srv/FindPath.js)
Linked: (/home/cs4750/catkin_ws/devel/.private/p4/share/gennodejs/ros/p4/srv/ReachPos.js, /home/cs4750/catkin_ws/devel/share/gennodejs/ros/p4/srv/ReachPos.js)
Linked: (/home/cs4750/catkin_ws/devel/.private/p4/share/gennodejs/ros/p4/srv/PositionBucket.js, /home/cs4750/catkin_ws/devel/share/gennodejs/ros/p4/srv/PositionBucket.js)
Linked: (/home/cs4750/catkin_ws/devel/.private/p4/share/gennodejs/ros/p4/srv/ComputeCost.js, /home/cs4750/catkin_ws/devel/share/gennodejs/ros/p4/srv/ComputeCost.js)
Linked: (/home/cs4750/catkin_ws/devel/.private/p4/share/gennodejs/ros/p4/srv/InterpolatePath.js, /home/cs4750/catkin_ws/devel/share/gennodejs/ros/p4/srv/InterpolatePath.js)
Linked: (/home/cs4750/catkin_ws/devel/.private/p4/share/gennodejs/ros/p4/srv/_index.js, /home/cs4750/catkin_ws/devel/share/gennodejs/ros/p4/srv/_index.js)
Linked: (/home/cs4750/catkin_ws/devel/.private/p4/share/gennodejs/ros/p4/srv/GetPosition.js, /home/cs4750/catkin_ws/devel/share/gennodejs/ros/p4/srv/GetPosition.js)
Linked: (/home/cs4750/catkin_ws/devel/.private/p4/share/gennodejs/ros/p4/msg/_index.js, /home/cs4750/catkin_ws/devel/share/gennodejs/ros/p4/msg/_index.js)
Linked: (/home/cs4750/catkin_ws/devel/.private/p4/share/gennodejs/ros/p4/msg/PointArray.js, /home/cs4750/catkin_ws/devel/share/gennodejs/ros/p4/msg/PointArray.js)
Linked: (/home/cs4750/catkin_ws/devel/.private/p4/share/gennodejs/ros/p4/msg/JointAngles.js, /home/cs4750/catkin_ws/devel/share/gennodejs/ros/p4/msg/JointAngles.js)
Linked: (/home/cs4750/catkin_ws/devel/.private/p4/lib/python2.7/dist-packages/p4/__init__.py, /home/cs4750/catkin_ws/devel/lib/python2.7/dist-packages/p4/__init__.py)
Linked: (/home/cs4750/catkin_ws/devel/.private/p4/lib/python2.7/dist-packages/p4/srv/_ClosestPointPath.py, /home/cs4750/catkin_ws/devel/lib/python2.7/dist-packages/p4/srv/_ClosestPointPath.py)
Linked: (/home/cs4750/catkin_ws/devel/.private/p4/lib/python2.7/dist-packages/p4/srv/_PositionBucket.py, /home/cs4750/catkin_ws/devel/lib/python2.7/dist-packages/p4/srv/_PositionBucket.py)
Linked: (/home/cs4750/catkin_ws/devel/.private/p4/lib/python2.7/dist-packages/p4/srv/_FollowPath.py, /home/cs4750/catkin_ws/devel/lib/python2.7/dist-packages/p4/srv/_FollowPath.py)
Linked: (/home/cs4750/catkin_ws/devel/.private/p4/lib/python2.7/dist-packages/p4/srv/_ReachPos.py, /home/cs4750/catkin_ws/devel/lib/python2.7/dist-packages/p4/srv/_ReachPos.py)
Linked: (/home/cs4750/catkin_ws/devel/.private/p4/lib/python2.7/dist-packages/p4/srv/_SetPosition.py, /home/cs4750/catkin_ws/devel/lib/python2.7/dist-packages/p4/srv/_SetPosition.py)
Linked: (/home/cs4750/catkin_ws/devel/.private/p4/lib/python2.7/dist-packages/p4/srv/_InterpolatePath.py, /home/cs4750/catkin_ws/devel/lib/python2.7/dist-packages/p4/srv/_InterpolatePath.py)
Linked: (/home/cs4750/catkin_ws/devel/.private/p4/lib/python2.7/dist-packages/p4/srv/__init__.py, /home/cs4750/catkin_ws/devel/lib/python2.7/dist-packages/p4/srv/__init__.py)
Linked: (/home/cs4750/catkin_ws/devel/.private/p4/lib/python2.7/dist-packages/p4/srv/_ComputeCost.py, /home/cs4750/catkin_ws/devel/lib/python2.7/dist-packages/p4/srv/_ComputeCost.py)
Linked: (/home/cs4750/catkin_ws/devel/.private/p4/lib/python2.7/dist-packages/p4/srv/_GetPosition.py, /home/cs4750/catkin_ws/devel/lib/python2.7/dist-packages/p4/srv/_GetPosition.py)
Linked: (/home/cs4750/catkin_ws/devel/.private/p4/lib/python2.7/dist-packages/p4/srv/_FindPath.py, /home/cs4750/catkin_ws/devel/lib/python2.7/dist-packages/p4/srv/_FindPath.py)
Linked: (/home/cs4750/catkin_ws/devel/.private/p4/lib/python2.7/dist-packages/p4/msg/_JointAngles.py, /home/cs4750/catkin_ws/devel/lib/python2.7/dist-packages/p4/msg/_JointAngles.py)
Linked: (/home/cs4750/catkin_ws/devel/.private/p4/lib/python2.7/dist-packages/p4/msg/__init__.py, /home/cs4750/catkin_ws/devel/lib/python2.7/dist-packages/p4/msg/__init__.py)
Linked: (/home/cs4750/catkin_ws/devel/.private/p4/lib/python2.7/dist-packages/p4/msg/_PointArray.py, /home/cs4750/catkin_ws/devel/lib/python2.7/dist-packages/p4/msg/_PointArray.py)
Linked: (/home/cs4750/catkin_ws/devel/.private/p4/lib/pkgconfig/p4.pc, /home/cs4750/catkin_ws/devel/lib/pkgconfig/p4.pc)
