[  0%] Built target _p3_generate_messages_check_deps_JointAngles
[  0%] Built target geometry_msgs_generate_messages_eus
[  0%] Built target std_msgs_generate_messages_eus
[  0%] Built target _p3_generate_messages_check_deps_Problem3a
[  0%] Built target _p3_generate_messages_check_deps_JacString
[  0%] Built target _p3_generate_messages_check_deps_Problem2
[  0%] Built target _p3_generate_messages_check_deps_PointArray
[  0%] Built target _p3_generate_messages_check_deps_Problem1
[  0%] Built target std_msgs_generate_messages_nodejs
[  0%] Built target geometry_msgs_generate_messages_nodejs
[  0%] Built target std_msgs_generate_messages_lisp
[  0%] Built target geometry_msgs_generate_messages_lisp
[  0%] Built target geometry_msgs_generate_messages_py
[  0%] Built target std_msgs_generate_messages_py
[  0%] Built target std_msgs_generate_messages_cpp
[  0%] Built target geometry_msgs_generate_messages_cpp
[ 21%] Built target p3_generate_messages_eus
[ 39%] Built target p3_generate_messages_nodejs
[ 57%] Built target p3_generate_messages_lisp
[ 81%] Built target p3_generate_messages_py
[100%] Built target p3_generate_messages_cpp
[100%] Built target p3_generate_messages
