Determining if the pthread_create exist failed with the following output:
Change Dir: /home/cs4750/catkin_ws/build/p1/CMakeFiles/CMakeTmp

Run Build Command:"/usr/bin/make" "cmTC_2bacf/fast"
/usr/bin/make -f CMakeFiles/cmTC_2bacf.dir/build.make CMakeFiles/cmTC_2bacf.dir/build
make[1]: Entering directory '/home/cs4750/catkin_ws/build/p1/CMakeFiles/CMakeTmp'
Building C object CMakeFiles/cmTC_2bacf.dir/CheckSymbolExists.c.o
/usr/bin/cc    -o CMakeFiles/cmTC_2bacf.dir/CheckSymbolExists.c.o   -c /home/cs4750/catkin_ws/build/p1/CMakeFiles/CMakeTmp/CheckSymbolExists.c
Linking C executable cmTC_2bacf
/usr/bin/cmake -E cmake_link_script CMakeFiles/cmTC_2bacf.dir/link.txt --verbose=1
/usr/bin/cc      -rdynamic CMakeFiles/cmTC_2bacf.dir/CheckSymbolExists.c.o  -o cmTC_2bacf 
CMakeFiles/cmTC_2bacf.dir/CheckSymbolExists.c.o: In function `main':
CheckSymbolExists.c:(.text+0x1b): undefined reference to `pthread_create'
collect2: error: ld returned 1 exit status
CMakeFiles/cmTC_2bacf.dir/build.make:97: recipe for target 'cmTC_2bacf' failed
make[1]: *** [cmTC_2bacf] Error 1
make[1]: Leaving directory '/home/cs4750/catkin_ws/build/p1/CMakeFiles/CMakeTmp'
Makefile:126: recipe for target 'cmTC_2bacf/fast' failed
make: *** [cmTC_2bacf/fast] Error 2

File /home/cs4750/catkin_ws/build/p1/CMakeFiles/CMakeTmp/CheckSymbolExists.c:
/* */
#include <pthread.h>

int main(int argc, char** argv)
{
  (void)argv;
#ifndef pthread_create
  return ((int*)(&pthread_create))[argc];
#else
  (void)argc;
  return 0;
#endif
}

Determining if the function pthread_create exists in the pthreads failed with the following output:
Change Dir: /home/cs4750/catkin_ws/build/p1/CMakeFiles/CMakeTmp

Run Build Command:"/usr/bin/make" "cmTC_8b476/fast"
/usr/bin/make -f CMakeFiles/cmTC_8b476.dir/build.make CMakeFiles/cmTC_8b476.dir/build
make[1]: Entering directory '/home/cs4750/catkin_ws/build/p1/CMakeFiles/CMakeTmp'
Building C object CMakeFiles/cmTC_8b476.dir/CheckFunctionExists.c.o
/usr/bin/cc   -DCHECK_FUNCTION_EXISTS=pthread_create   -o CMakeFiles/cmTC_8b476.dir/CheckFunctionExists.c.o   -c /usr/share/cmake-3.10/Modules/CheckFunctionExists.c
Linking C executable cmTC_8b476
/usr/bin/cmake -E cmake_link_script CMakeFiles/cmTC_8b476.dir/link.txt --verbose=1
/usr/bin/cc  -DCHECK_FUNCTION_EXISTS=pthread_create    -rdynamic CMakeFiles/cmTC_8b476.dir/CheckFunctionExists.c.o  -o cmTC_8b476 -lpthreads 
/usr/bin/x86_64-linux-gnu-ld: cannot find -lpthreads
collect2: error: ld returned 1 exit status
CMakeFiles/cmTC_8b476.dir/build.make:97: recipe for target 'cmTC_8b476' failed
make[1]: *** [cmTC_8b476] Error 1
make[1]: Leaving directory '/home/cs4750/catkin_ws/build/p1/CMakeFiles/CMakeTmp'
Makefile:126: recipe for target 'cmTC_8b476/fast' failed
make: *** [cmTC_8b476/fast] Error 2


